[2026-02-18T12:42:44.447164+01:00] app.INFO: Request received {"uri":"/","app_name":"PMVC_26"} []
[2026-02-18T12:43:41.532528+01:00] app.INFO: Request received {"uri":"/","app_name":"PMVC_26"} []
[2026-02-18T12:44:54.774215+01:00] app.INFO: Request received {"uri":"/","app_name":"PMVC_26"} []
[2026-02-18T12:44:55.385711+01:00] app.INFO: Request received {"uri":"/","app_name":"PMVC_26"} []
[2026-02-18T12:45:11.371943+01:00] app.INFO: Request received {"uri":"/","app_name":"PMVC_26"} []
[2026-02-18T12:47:21.235546+01:00] app.INFO: Request received {"uri":"/","app_name":"PMVC_26"} []
[2026-02-18T12:47:31.495202+01:00] app.INFO: Request received {"uri":"/","app_name":"PMVC_26"} []
[2026-02-18T12:48:06.896226+01:00] app.INFO: Request received {"uri":"/","app_name":"PMVC_26"} []
[2026-02-18T12:48:55.152309+01:00] app.INFO: Request received {"uri":"/","app_name":"PMVC_26"} []
[2026-02-18T12:48:55.794680+01:00] app.INFO: Request received {"uri":"/","app_name":"PMVC_26"} []
[2026-02-18T12:48:55.988582+01:00] app.INFO: Request received {"uri":"/","app_name":"PMVC_26"} []
[2026-02-18T12:48:56.180158+01:00] app.INFO: Request received {"uri":"/","app_name":"PMVC_26"} []
[2026-02-18T12:49:02.413038+01:00] app.INFO: Request received {"uri":"/","app_name":"PMVC_26"} []
[2026-02-18T12:49:02.666834+01:00] app.INFO: Request received {"uri":"/","app_name":"PMVC_26"} []
[2026-02-18T12:49:23.679660+01:00] app.INFO: Request received {"uri":"/","app_name":"PMVC_26"} []
[2026-02-18T12:49:24.078519+01:00] app.INFO: Request received {"uri":"/","app_name":"PMVC_26"} []
[2026-02-18T12:49:24.236513+01:00] app.INFO: Request received {"uri":"/","app_name":"PMVC_26"} []
[2026-02-18T12:49:24.372552+01:00] app.INFO: Request received {"uri":"/","app_name":"PMVC_26"} []
[2026-02-18T12:49:33.280964+01:00] app.INFO: Request received {"uri":"/","app_name":"PMVC_26"} []
[2026-02-18T12:49:33.474367+01:00] app.INFO: Request received {"uri":"/","app_name":"PMVC_26"} []
[2026-02-18T12:49:33.634830+01:00] app.INFO: Request received {"uri":"/","app_name":"PMVC_26"} []
[2026-02-18T12:50:03.363698+01:00] app.INFO: Request received {"uri":"/","app_name":"PMVC_26"} []
[2026-02-18T12:50:03.947422+01:00] app.INFO: Request received {"uri":"/","app_name":"PMVC_26"} []
[2026-02-18T12:50:40.639451+01:00] app.INFO: Request received {"uri":"/","app_name":"PMVC_26"} []
[2026-02-18T12:50:40.813590+01:00] app.INFO: Request received {"uri":"/","app_name":"PMVC_26"} []
[2026-02-18T12:50:40.965968+01:00] app.INFO: Request received {"uri":"/","app_name":"PMVC_26"} []
[2026-02-18T12:50:41.101813+01:00] app.INFO: Request received {"uri":"/","app_name":"PMVC_26"} []
[2026-02-18T12:50:41.245445+01:00] app.INFO: Request received {"uri":"/","app_name":"PMVC_26"} []
[2026-02-18T12:50:41.798101+01:00] app.INFO: Request received {"uri":"/","app_name":"PMVC_26"} []
[2026-02-18T12:50:41.966201+01:00] app.INFO: Request received {"uri":"/","app_name":"PMVC_26"} []
[2026-02-18T12:50:42.116564+01:00] app.INFO: Request received {"uri":"/","app_name":"PMVC_26"} []
[2026-02-18T12:51:15.571951+01:00] app.INFO: Request received {"uri":"/","app_name":"PMVC_26"} []
[2026-02-18T12:51:16.117796+01:00] app.INFO: Request received {"uri":"/","app_name":"PMVC_26"} []
[2026-02-18T12:51:16.276535+01:00] app.INFO: Request received {"uri":"/","app_name":"PMVC_26"} []
[2026-02-18T12:51:16.421717+01:00] app.INFO: Request received {"uri":"/","app_name":"PMVC_26"} []
[2026-02-18T12:51:22.058674+01:00] app.INFO: Request received {"uri":"/","app_name":"PMVC_26"} []
[2026-02-18T12:51:22.226165+01:00] app.INFO: Request received {"uri":"/","app_name":"PMVC_26"} []
[2026-02-18T12:51:22.373840+01:00] app.INFO: Request received {"uri":"/","app_name":"PMVC_26"} []
[2026-02-18T12:51:22.510375+01:00] app.INFO: Request received {"uri":"/","app_name":"PMVC_26"} []
[2026-02-18T12:51:22.668630+01:00] app.INFO: Request received {"uri":"/","app_name":"PMVC_26"} []
[2026-02-18T12:51:22.807429+01:00] app.INFO: Request received {"uri":"/","app_name":"PMVC_26"} []
[2026-02-18T12:52:28.847585+01:00] app.INFO: Request received {"uri":"/","app_name":"PMVC_26"} []
[2026-02-18T12:53:30.234074+01:00] app.INFO: Request received {"uri":"/posts","app_name":"PMVC_26"} []
[2026-02-18T12:53:31.015778+01:00] app.INFO: Request received {"uri":"/posts","app_name":"PMVC_26"} []
[2026-02-18T12:53:31.200284+01:00] app.INFO: Request received {"uri":"/posts","app_name":"PMVC_26"} []
[2026-02-18T12:53:31.339932+01:00] app.INFO: Request received {"uri":"/posts","app_name":"PMVC_26"} []
[2026-02-18T12:53:42.014393+01:00] app.INFO: Request received {"uri":"/posts","app_name":"PMVC_26"} []
[2026-02-18T12:53:42.303339+01:00] app.INFO: Request received {"uri":"/posts","app_name":"PMVC_26"} []
[2026-02-18T12:53:42.462927+01:00] app.INFO: Request received {"uri":"/posts","app_name":"PMVC_26"} []
[2026-02-18T12:53:42.599544+01:00] app.INFO: Request received {"uri":"/posts","app_name":"PMVC_26"} []
[2026-02-18T12:54:16.514025+01:00] app.INFO: Request received {"uri":"/posts","app_name":"PMVC_26"} []
[2026-02-18T12:55:16.029985+01:00] app.INFO: Request received {"uri":"/posts","app_name":"PMVC_26"} []
[2026-02-18T12:55:16.354713+01:00] app.INFO: Request received {"uri":"/posts","app_name":"PMVC_26"} []
[2026-02-18T12:55:16.456020+01:00] app.INFO: Request received {"uri":"/posts","app_name":"PMVC_26"} []
[2026-02-18T12:55:31.031850+01:00] app.INFO: Request received {"uri":"/posts","app_name":"PMVC_26"} []
[2026-02-18T12:55:31.191825+01:00] app.INFO: Request received {"uri":"/posts","app_name":"PMVC_26"} []
[2026-02-18T12:55:31.355318+01:00] app.INFO: Request received {"uri":"/posts","app_name":"PMVC_26"} []
[2026-02-18T12:55:31.505970+01:00] app.INFO: Request received {"uri":"/posts","app_name":"PMVC_26"} []
[2026-02-18T12:55:31.649690+01:00] app.INFO: Request received {"uri":"/posts","app_name":"PMVC_26"} []
[2026-02-18T12:55:31.801190+01:00] app.INFO: Request received {"uri":"/posts","app_name":"PMVC_26"} []
[2026-02-18T12:55:31.945327+01:00] app.INFO: Request received {"uri":"/posts","app_name":"PMVC_26"} []
[2026-02-18T12:55:32.088075+01:00] app.INFO: Request received {"uri":"/posts","app_name":"PMVC_26"} []
[2026-02-18T12:55:32.216095+01:00] app.INFO: Request received {"uri":"/posts","app_name":"PMVC_26"} []
[2026-02-18T12:55:32.361637+01:00] app.INFO: Request received {"uri":"/posts","app_name":"PMVC_26"} []
[2026-02-18T12:55:33.734826+01:00] app.INFO: Request received {"uri":"/","app_name":"PMVC_26"} []
[2026-02-18T12:55:50.752714+01:00] app.INFO: Request received {"uri":"/","app_name":"PMVC_26"} []
[2026-02-18T12:57:28.869069+01:00] app.INFO: Request received {"uri":"/","app_name":"PMVC_26"} []
[2026-02-18T12:57:29.081832+01:00] app.INFO: Request received {"uri":"/","app_name":"PMVC_26"} []
[2026-02-18T12:58:25.709518+01:00] app.INFO: Request received {"uri":"/","app_name":"PMVC_26"} []
[2026-02-18T13:05:40.824165+01:00] app.INFO: Request received {"uri":"/","app_name":"PMVC_26"} []
[2026-02-18T13:12:32.107548+01:00] app.INFO: Request received {"uri":"/","app_name":"PMVC_26"} []
[2026-02-18T13:13:53.339512+01:00] app.INFO: Request received {"uri":"/","app_name":"PMVC_26"} []
[2026-02-18T13:13:53.955362+01:00] app.INFO: Request received {"uri":"/","app_name":"PMVC_26"} []
[2026-02-18T13:13:54.151961+01:00] app.INFO: Request received {"uri":"/","app_name":"PMVC_26"} []
[2026-02-18T13:13:54.317664+01:00] app.INFO: Request received {"uri":"/","app_name":"PMVC_26"} []
[2026-02-18T13:13:54.452249+01:00] app.INFO: Request received {"uri":"/","app_name":"PMVC_26"} []
[2026-02-18T13:13:54.582705+01:00] app.INFO: Request received {"uri":"/","app_name":"PMVC_26"} []
[2026-02-18T13:13:54.722937+01:00] app.INFO: Request received {"uri":"/","app_name":"PMVC_26"} []
[2026-02-18T13:13:54.867310+01:00] app.INFO: Request received {"uri":"/","app_name":"PMVC_26"} []
[2026-02-18T13:13:58.820266+01:00] app.INFO: Request received {"uri":"/","app_name":"PMVC_26"} []
[2026-02-18T13:14:19.547927+01:00] app.INFO: Request received {"uri":"/","app_name":"PMVC_26"} []
[2026-02-18T13:14:19.923473+01:00] app.INFO: Request received {"uri":"/","app_name":"PMVC_26"} []
[2026-02-18T13:14:20.076685+01:00] app.INFO: Request received {"uri":"/","app_name":"PMVC_26"} []
[2026-02-18T13:15:41.704417+01:00] app.INFO: Request received {"uri":"/","app_name":"PMVC_26"} []
[2026-02-18T13:15:42.147927+01:00] app.INFO: Request received {"uri":"/","app_name":"PMVC_26"} []
[2026-02-18T13:15:42.293748+01:00] app.INFO: Request received {"uri":"/","app_name":"PMVC_26"} []
[2026-02-18T13:16:24.341152+01:00] app.INFO: Request received {"uri":"/","app_name":"PMVC_26"} []
[2026-02-18T13:16:31.933120+01:00] app.INFO: Request received {"uri":"/","app_name":"PMVC_26"} []
[2026-02-18T13:16:32.109536+01:00] app.INFO: Request received {"uri":"/","app_name":"PMVC_26"} []
[2026-02-18T13:16:32.271523+01:00] app.INFO: Request received {"uri":"/","app_name":"PMVC_26"} []
[2026-02-18T13:16:32.429017+01:00] app.INFO: Request received {"uri":"/","app_name":"PMVC_26"} []
[2026-02-18T13:16:32.582384+01:00] app.INFO: Request received {"uri":"/","app_name":"PMVC_26"} []
[2026-02-18T13:16:32.741349+01:00] app.INFO: Request received {"uri":"/","app_name":"PMVC_26"} []
[2026-02-18T13:18:22.130859+01:00] app.INFO: Request received {"uri":"/","app_name":"PMVC_26"} []
[2026-02-18T13:18:23.471749+01:00] app.INFO: Request received {"uri":"/.well-known/appspecific/com.chrome.devtools.json","app_name":"PMVC_26"} []
[2026-02-18T13:18:24.433459+01:00] app.INFO: Request received {"uri":"/","app_name":"PMVC_26"} []
[2026-02-18T13:18:24.487099+01:00] app.INFO: Request received {"uri":"/.well-known/appspecific/com.chrome.devtools.json","app_name":"PMVC_26"} []
[2026-02-18T13:20:07.810997+01:00] app.INFO: Request received {"uri":"/","app_name":"PMVC_26"} []
[2026-02-18T13:20:07.868692+01:00] app.INFO: Request received {"uri":"/.well-known/appspecific/com.chrome.devtools.json","app_name":"PMVC_26"} []
[2026-02-18T13:20:08.327252+01:00] app.INFO: Request received {"uri":"/","app_name":"PMVC_26"} []
[2026-02-18T13:20:08.385796+01:00] app.INFO: Request received {"uri":"/.well-known/appspecific/com.chrome.devtools.json","app_name":"PMVC_26"} []
[2026-02-18T13:20:39.051497+01:00] app.INFO: Request received {"uri":"/","app_name":"PMVC_26"} []
[2026-02-18T13:20:42.913053+01:00] app.INFO: Request received {"uri":"/","app_name":"PMVC_26"} []
[2026-02-18T13:20:43.439826+01:00] app.INFO: Request received {"uri":"/","app_name":"PMVC_26"} []
[2026-02-18T13:20:43.608970+01:00] app.INFO: Request received {"uri":"/","app_name":"PMVC_26"} []
[2026-02-18T13:20:43.767632+01:00] app.INFO: Request received {"uri":"/","app_name":"PMVC_26"} []
[2026-02-18T13:20:43.927602+01:00] app.INFO: Request received {"uri":"/","app_name":"PMVC_26"} []
[2026-02-18T13:21:46.922515+01:00] app.INFO: Request received {"uri":"/posts","app_name":"PMVC_26"} []
[2026-02-18T13:21:48.897862+01:00] app.INFO: Request received {"uri":"/","app_name":"PMVC_26"} []
[2026-02-18T13:21:49.368839+01:00] app.INFO: Request received {"uri":"/","app_name":"PMVC_26"} []
[2026-02-18T13:21:49.528357+01:00] app.INFO: Request received {"uri":"/","app_name":"PMVC_26"} []
[2026-02-18T13:21:49.680100+01:00] app.INFO: Request received {"uri":"/","app_name":"PMVC_26"} []
[2026-02-18T13:21:49.824454+01:00] app.INFO: Request received {"uri":"/","app_name":"PMVC_26"} []
[2026-02-18T13:22:02.888644+01:00] app.INFO: Request received {"uri":"/","app_name":"PMVC_26"} []
[2026-02-18T13:22:03.304663+01:00] app.INFO: Request received {"uri":"/","app_name":"PMVC_26"} []
[2026-02-18T13:22:03.439881+01:00] app.INFO: Request received {"uri":"/","app_name":"PMVC_26"} []
[2026-02-18T13:22:03.602940+01:00] app.INFO: Request received {"uri":"/","app_name":"PMVC_26"} []
[2026-02-18T13:22:53.106967+01:00] app.INFO: Request received {"uri":"/","app_name":"PMVC_26"} []
[2026-02-18T13:22:53.857688+01:00] app.INFO: Request received {"uri":"/","app_name":"PMVC_26"} []
[2026-02-18T13:22:54.024764+01:00] app.INFO: Request received {"uri":"/","app_name":"PMVC_26"} []
[2026-02-18T13:22:54.185681+01:00] app.INFO: Request received {"uri":"/","app_name":"PMVC_26"} []
[2026-02-18T13:22:54.333509+01:00] app.INFO: Request received {"uri":"/","app_name":"PMVC_26"} []
[2026-02-18T13:22:58.282756+01:00] app.INFO: Request received {"uri":"/","app_name":"PMVC_26"} []
[2026-02-18T13:25:39.493518+01:00] app.INFO: Request received {"uri":"/","app_name":"PMVC_26"} []
[2026-02-18T13:29:05.612563+01:00] app.INFO: Request received {"uri":"/","app_name":"PMVC_26"} []
[2026-02-18T13:29:06.150174+01:00] app.INFO: Request received {"uri":"/","app_name":"PMVC_26"} []
[2026-02-18T13:29:06.340280+01:00] app.INFO: Request received {"uri":"/","app_name":"PMVC_26"} []
[2026-02-18T13:29:25.284930+01:00] app.INFO: Request received {"uri":"/","app_name":"PMVC_26"} []
[2026-02-18T13:29:25.686188+01:00] app.INFO: Request received {"uri":"/","app_name":"PMVC_26"} []
[2026-02-18T13:29:25.854684+01:00] app.INFO: Request received {"uri":"/","app_name":"PMVC_26"} []
[2026-02-18T13:29:25.996484+01:00] app.INFO: Request received {"uri":"/","app_name":"PMVC_26"} []
[2026-02-18T13:29:33.519715+01:00] app.INFO: Request received {"uri":"/","app_name":"PMVC_26"} []
[2026-02-18T13:29:33.740858+01:00] app.INFO: Request received {"uri":"/","app_name":"PMVC_26"} []
[2026-02-18T13:29:33.917346+01:00] app.INFO: Request received {"uri":"/","app_name":"PMVC_26"} []
[2026-02-18T13:29:34.077897+01:00] app.INFO: Request received {"uri":"/","app_name":"PMVC_26"} []
[2026-02-18T13:29:34.229295+01:00] app.INFO: Request received {"uri":"/","app_name":"PMVC_26"} []
[2026-02-18T13:29:34.396979+01:00] app.INFO: Request received {"uri":"/","app_name":"PMVC_26"} []
[2026-02-18T13:29:34.541615+01:00] app.INFO: Request received {"uri":"/","app_name":"PMVC_26"} []
[2026-02-18T13:29:34.686593+01:00] app.INFO: Request received {"uri":"/","app_name":"PMVC_26"} []
[2026-02-18T13:29:34.839524+01:00] app.INFO: Request received {"uri":"/","app_name":"PMVC_26"} []
[2026-02-18T13:29:34.988829+01:00] app.INFO: Request received {"uri":"/","app_name":"PMVC_26"} []
[2026-02-18T13:29:41.143365+01:00] app.INFO: Request received {"uri":"/","app_name":"PMVC_26"} []
[2026-02-18T13:31:06.334475+01:00] app.INFO: Request received {"uri":"/","app_name":"PMVC_26"} []
[2026-02-18T13:31:06.808712+01:00] app.INFO: Request received {"uri":"/","app_name":"PMVC_26"} []
[2026-02-18T13:31:06.977596+01:00] app.INFO: Request received {"uri":"/","app_name":"PMVC_26"} []
[2026-02-18T13:31:07.135737+01:00] app.INFO: Request received {"uri":"/","app_name":"PMVC_26"} []
[2026-02-18T13:31:07.286522+01:00] app.INFO: Request received {"uri":"/","app_name":"PMVC_26"} []
[2026-02-18T13:31:38.211127+01:00] app.INFO: Request received {"uri":"/","app_name":"PMVC_26"} []
[2026-02-18T13:31:38.623255+01:00] app.INFO: Request received {"uri":"/","app_name":"PMVC_26"} []
[2026-02-18T13:31:38.791688+01:00] app.INFO: Request received {"uri":"/","app_name":"PMVC_26"} []
[2026-02-18T13:31:38.952034+01:00] app.INFO: Request received {"uri":"/","app_name":"PMVC_26"} []
[2026-02-18T13:32:05.230733+01:00] app.INFO: Request received {"uri":"/","app_name":"PMVC_26"} []
[2026-02-18T13:32:05.697980+01:00] app.INFO: Request received {"uri":"/","app_name":"PMVC_26"} []
[2026-02-18T13:32:28.696732+01:00] app.INFO: Request received {"uri":"/","app_name":"PMVC_26"} []
[2026-02-18T13:32:28.863206+01:00] app.INFO: Request received {"uri":"/","app_name":"PMVC_26"} []
[2026-02-18T13:32:29.015551+01:00] app.INFO: Request received {"uri":"/","app_name":"PMVC_26"} []
[2026-02-18T13:32:29.168524+01:00] app.INFO: Request received {"uri":"/","app_name":"PMVC_26"} []
[2026-02-18T13:32:29.326764+01:00] app.INFO: Request received {"uri":"/","app_name":"PMVC_26"} []
[2026-02-18T13:32:29.470881+01:00] app.INFO: Request received {"uri":"/","app_name":"PMVC_26"} []
[2026-02-18T13:32:29.625738+01:00] app.INFO: Request received {"uri":"/","app_name":"PMVC_26"} []
[2026-02-18T13:32:29.774907+01:00] app.INFO: Request received {"uri":"/","app_name":"PMVC_26"} []
[2026-02-18T13:32:29.918575+01:00] app.INFO: Request received {"uri":"/","app_name":"PMVC_26"} []
[2026-02-18T13:32:30.079018+01:00] app.INFO: Request received {"uri":"/","app_name":"PMVC_26"} []
[2026-02-18T13:32:30.424942+01:00] app.INFO: Request received {"uri":"/","app_name":"PMVC_26"} []
[2026-02-18T13:32:30.615100+01:00] app.INFO: Request received {"uri":"/","app_name":"PMVC_26"} []
[2026-02-18T13:32:30.766432+01:00] app.INFO: Request received {"uri":"/","app_name":"PMVC_26"} []
[2026-02-18T13:32:30.919619+01:00] app.INFO: Request received {"uri":"/","app_name":"PMVC_26"} []
[2026-02-18T13:32:31.079516+01:00] app.INFO: Request received {"uri":"/","app_name":"PMVC_26"} []
[2026-02-18T13:32:31.226490+01:00] app.INFO: Request received {"uri":"/","app_name":"PMVC_26"} []
[2026-02-18T13:32:31.391563+01:00] app.INFO: Request received {"uri":"/","app_name":"PMVC_26"} []
[2026-02-18T13:32:31.581896+01:00] app.INFO: Request received {"uri":"/","app_name":"PMVC_26"} []
[2026-02-18T13:32:31.774825+01:00] app.INFO: Request received {"uri":"/","app_name":"PMVC_26"} []
[2026-02-18T13:32:31.965953+01:00] app.INFO: Request received {"uri":"/","app_name":"PMVC_26"} []
[2026-02-18T13:32:32.119074+01:00] app.INFO: Request received {"uri":"/","app_name":"PMVC_26"} []
[2026-02-18T13:32:32.295469+01:00] app.INFO: Request received {"uri":"/","app_name":"PMVC_26"} []
[2026-02-18T13:32:32.608087+01:00] app.INFO: Request received {"uri":"/","app_name":"PMVC_26"} []
[2026-02-18T13:32:32.759259+01:00] app.INFO: Request received {"uri":"/","app_name":"PMVC_26"} []
[2026-02-18T13:32:32.927367+01:00] app.INFO: Request received {"uri":"/","app_name":"PMVC_26"} []
[2026-02-18T13:32:33.079015+01:00] app.INFO: Request received {"uri":"/","app_name":"PMVC_26"} []
[2026-02-18T13:32:33.257806+01:00] app.INFO: Request received {"uri":"/","app_name":"PMVC_26"} []
[2026-02-18T13:32:33.421010+01:00] app.INFO: Request received {"uri":"/","app_name":"PMVC_26"} []
[2026-02-18T13:32:33.566937+01:00] app.INFO: Request received {"uri":"/","app_name":"PMVC_26"} []
[2026-02-18T13:32:33.734714+01:00] app.INFO: Request received {"uri":"/","app_name":"PMVC_26"} []
[2026-02-18T13:32:33.910854+01:00] app.INFO: Request received {"uri":"/","app_name":"PMVC_26"} []
[2026-02-18T13:32:34.070945+01:00] app.INFO: Request received {"uri":"/","app_name":"PMVC_26"} []
[2026-02-18T13:32:34.224299+01:00] app.INFO: Request received {"uri":"/","app_name":"PMVC_26"} []
[2026-02-18T13:32:36.224581+01:00] app.INFO: Request received {"uri":"/","app_name":"PMVC_26"} []
[2026-02-18T13:32:36.375413+01:00] app.INFO: Request received {"uri":"/","app_name":"PMVC_26"} []
[2026-02-18T13:32:38.208852+01:00] app.INFO: Request received {"uri":"/posts","app_name":"PMVC_26"} []
[2026-02-18T13:32:41.088472+01:00] app.INFO: Request received {"uri":"/posts","app_name":"PMVC_26"} []
[2026-02-18T13:32:41.519167+01:00] app.INFO: Request received {"uri":"/posts","app_name":"PMVC_26"} []
[2026-02-18T13:32:41.678943+01:00] app.INFO: Request received {"uri":"/posts","app_name":"PMVC_26"} []
[2026-02-18T13:32:41.833223+01:00] app.INFO: Request received {"uri":"/posts","app_name":"PMVC_26"} []
[2026-02-18T13:32:41.976707+01:00] app.INFO: Request received {"uri":"/posts","app_name":"PMVC_26"} []
[2026-02-18T13:32:55.553241+01:00] app.INFO: Request received {"uri":"/posts","app_name":"PMVC_26"} []
[2026-02-18T13:32:55.905413+01:00] app.INFO: Request received {"uri":"/posts","app_name":"PMVC_26"} []
[2026-02-18T13:32:56.087289+01:00] app.INFO: Request received {"uri":"/posts","app_name":"PMVC_26"} []
[2026-02-18T13:32:56.249538+01:00] app.INFO: Request received {"uri":"/posts","app_name":"PMVC_26"} []
[2026-02-18T13:32:56.384604+01:00] app.INFO: Request received {"uri":"/posts","app_name":"PMVC_26"} []
[2026-02-18T13:32:56.546037+01:00] app.INFO: Request received {"uri":"/posts","app_name":"PMVC_26"} []
[2026-02-18T13:32:56.695691+01:00] app.INFO: Request received {"uri":"/posts","app_name":"PMVC_26"} []
[2026-02-18T13:32:56.857068+01:00] app.INFO: Request received {"uri":"/posts","app_name":"PMVC_26"} []
[2026-02-18T13:32:56.986382+01:00] app.INFO: Request received {"uri":"/posts","app_name":"PMVC_26"} []
[2026-02-18T13:32:59.546734+01:00] app.INFO: Request received {"uri":"/posts","app_name":"PMVC_26"} []
[2026-02-18T13:32:59.928676+01:00] app.INFO: Request received {"uri":"/posts","app_name":"PMVC_26"} []
[2026-02-18T13:33:00.096184+01:00] app.INFO: Request received {"uri":"/posts","app_name":"PMVC_26"} []
[2026-02-18T13:33:00.249599+01:00] app.INFO: Request received {"uri":"/posts","app_name":"PMVC_26"} []
[2026-02-18T13:33:00.400237+01:00] app.INFO: Request received {"uri":"/posts","app_name":"PMVC_26"} []
[2026-02-18T13:33:00.561308+01:00] app.INFO: Request received {"uri":"/posts","app_name":"PMVC_26"} []
[2026-02-18T13:33:00.728336+01:00] app.INFO: Request received {"uri":"/posts","app_name":"PMVC_26"} []
[2026-02-18T13:33:00.879723+01:00] app.INFO: Request received {"uri":"/posts","app_name":"PMVC_26"} []
[2026-02-18T13:33:01.018590+01:00] app.INFO: Request received {"uri":"/posts","app_name":"PMVC_26"} []
[2026-02-18T13:33:01.168064+01:00] app.INFO: Request received {"uri":"/posts","app_name":"PMVC_26"} []
[2026-02-18T13:33:01.320011+01:00] app.INFO: Request received {"uri":"/posts","app_name":"PMVC_26"} []
[2026-02-18T13:33:01.480325+01:00] app.INFO: Request received {"uri":"/posts","app_name":"PMVC_26"} []
[2026-02-18T13:33:01.624599+01:00] app.INFO: Request received {"uri":"/posts","app_name":"PMVC_26"} []
[2026-02-18T13:33:01.793815+01:00] app.INFO: Request received {"uri":"/posts","app_name":"PMVC_26"} []
[2026-02-18T13:33:01.935258+01:00] app.INFO: Request received {"uri":"/posts","app_name":"PMVC_26"} []
[2026-02-18T13:33:02.079965+01:00] app.INFO: Request received {"uri":"/posts","app_name":"PMVC_26"} []
[2026-02-18T13:33:02.215000+01:00] app.INFO: Request received {"uri":"/posts","app_name":"PMVC_26"} []
[2026-02-18T13:33:16.827200+01:00] app.INFO: Request received {"uri":"/posts","app_name":"PMVC_26"} []
[2026-02-18T13:33:17.059776+01:00] app.INFO: Request received {"uri":"/posts","app_name":"PMVC_26"} []
[2026-02-18T13:33:17.211227+01:00] app.INFO: Request received {"uri":"/posts","app_name":"PMVC_26"} []
[2026-02-18T13:33:17.377376+01:00] app.INFO: Request received {"uri":"/posts","app_name":"PMVC_26"} []
[2026-02-18T13:33:17.533783+01:00] app.INFO: Request received {"uri":"/posts","app_name":"PMVC_26"} []
[2026-02-18T13:33:17.651093+01:00] app.INFO: Request received {"uri":"/posts","app_name":"PMVC_26"} []
[2026-02-18T13:33:38.266004+01:00] app.INFO: Request received {"uri":"/posts","app_name":"PMVC_26"} []
[2026-02-18T13:33:38.481367+01:00] app.INFO: Request received {"uri":"/posts","app_name":"PMVC_26"} []
[2026-02-18T13:33:38.642688+01:00] app.INFO: Request received {"uri":"/posts","app_name":"PMVC_26"} []
[2026-02-18T13:33:38.775703+01:00] app.INFO: Request received {"uri":"/posts","app_name":"PMVC_26"} []
[2026-02-18T13:33:38.924981+01:00] app.INFO: Request received {"uri":"/posts","app_name":"PMVC_26"} []
[2026-02-18T13:33:39.059261+01:00] app.INFO: Request received {"uri":"/posts","app_name":"PMVC_26"} []
[2026-02-18T13:33:39.195567+01:00] app.INFO: Request received {"uri":"/posts","app_name":"PMVC_26"} []
[2026-02-18T13:33:51.833361+01:00] app.INFO: Request received {"uri":"/posts","app_name":"PMVC_26"} []
[2026-02-18T13:33:52.032720+01:00] app.INFO: Request received {"uri":"/posts","app_name":"PMVC_26"} []
[2026-02-18T13:33:52.222598+01:00] app.INFO: Request received {"uri":"/posts","app_name":"PMVC_26"} []
[2026-02-18T13:33:52.379061+01:00] app.INFO: Request received {"uri":"/posts","app_name":"PMVC_26"} []
[2026-02-18T13:34:06.256823+01:00] app.INFO: Request received {"uri":"/posts","app_name":"PMVC_26"} []
[2026-02-18T13:34:06.513624+01:00] app.INFO: Request received {"uri":"/posts","app_name":"PMVC_26"} []
[2026-02-18T13:34:06.673063+01:00] app.INFO: Request received {"uri":"/posts","app_name":"PMVC_26"} []
[2026-02-18T13:34:06.825892+01:00] app.INFO: Request received {"uri":"/posts","app_name":"PMVC_26"} []
[2026-02-18T13:35:24.980358+01:00] app.INFO: Request received {"uri":"/posts","app_name":"PMVC_26"} []
[2026-02-18T13:35:25.361587+01:00] app.INFO: Request received {"uri":"/posts","app_name":"PMVC_26"} []
[2026-02-18T13:35:25.538267+01:00] app.INFO: Request received {"uri":"/posts","app_name":"PMVC_26"} []
[2026-02-18T13:35:25.699614+01:00] app.INFO: Request received {"uri":"/posts","app_name":"PMVC_26"} []
[2026-02-18T13:35:25.851359+01:00] app.INFO: Request received {"uri":"/posts","app_name":"PMVC_26"} []
[2026-02-18T13:35:26.001633+01:00] app.INFO: Request received {"uri":"/posts","app_name":"PMVC_26"} []
[2026-02-18T13:35:30.875810+01:00] app.INFO: Request received {"uri":"/posts","app_name":"PMVC_26"} []
[2026-02-18T13:35:52.154902+01:00] app.INFO: Request received {"uri":"/posts","app_name":"PMVC_26"} []
[2026-02-18T13:35:52.674262+01:00] app.INFO: Request received {"uri":"/posts","app_name":"PMVC_26"} []
[2026-02-18T13:35:52.833858+01:00] app.INFO: Request received {"uri":"/posts","app_name":"PMVC_26"} []
[2026-02-18T13:35:52.971182+01:00] app.INFO: Request received {"uri":"/posts","app_name":"PMVC_26"} []
[2026-02-18T13:35:53.114395+01:00] app.INFO: Request received {"uri":"/posts","app_name":"PMVC_26"} []
[2026-02-18T13:36:10.611738+01:00] app.INFO: Request received {"uri":"/posts","app_name":"PMVC_26"} []
[2026-02-18T13:36:10.987434+01:00] app.INFO: Request received {"uri":"/posts","app_name":"PMVC_26"} []
[2026-02-18T13:36:11.145521+01:00] app.INFO: Request received {"uri":"/posts","app_name":"PMVC_26"} []
[2026-02-18T13:36:11.296580+01:00] app.INFO: Request received {"uri":"/posts","app_name":"PMVC_26"} []
[2026-02-18T13:36:11.432785+01:00] app.INFO: Request received {"uri":"/posts","app_name":"PMVC_26"} []
[2026-02-18T13:36:11.571167+01:00] app.INFO: Request received {"uri":"/posts","app_name":"PMVC_26"} []
[2026-02-18T13:36:17.840635+01:00] app.INFO: Request received {"uri":"/posts","app_name":"PMVC_26"} []
[2026-02-18T13:36:35.291847+01:00] app.INFO: Request received {"uri":"/posts","app_name":"PMVC_26"} []
[2026-02-18T13:36:53.308173+01:00] app.INFO: Request received {"uri":"/posts","app_name":"PMVC_26"} []
[2026-02-18T13:37:18.947740+01:00] app.INFO: Request received {"uri":"/posts","app_name":"PMVC_26"} []
[2026-02-18T13:38:13.940450+01:00] app.INFO: Request received {"uri":"/posts","app_name":"PMVC_26"} []
[2026-02-18T13:38:14.163344+01:00] app.INFO: Request received {"uri":"/posts","app_name":"PMVC_26"} []
[2026-02-18T13:38:14.306651+01:00] app.INFO: Request received {"uri":"/posts","app_name":"PMVC_26"} []
[2026-02-18T13:38:14.447157+01:00] app.INFO: Request received {"uri":"/posts","app_name":"PMVC_26"} []
[2026-02-18T13:38:14.596216+01:00] app.INFO: Request received {"uri":"/posts","app_name":"PMVC_26"} []
[2026-02-18T13:38:14.750177+01:00] app.INFO: Request received {"uri":"/posts","app_name":"PMVC_26"} []
[2026-02-18T13:38:14.883218+01:00] app.INFO: Request received {"uri":"/posts","app_name":"PMVC_26"} []
[2026-02-18T13:38:15.012579+01:00] app.INFO: Request received {"uri":"/posts","app_name":"PMVC_26"} []
[2026-02-18T13:38:15.169543+01:00] app.INFO: Request received {"uri":"/posts","app_name":"PMVC_26"} []
[2026-02-18T13:38:15.300106+01:00] app.INFO: Request received {"uri":"/posts","app_name":"PMVC_26"} []
[2026-02-18T13:38:15.451979+01:00] app.INFO: Request received {"uri":"/posts","app_name":"PMVC_26"} []
[2026-02-18T13:38:20.587128+01:00] app.INFO: Request received {"uri":"/posts","app_name":"PMVC_26"} []
[2026-02-18T13:38:20.772307+01:00] app.INFO: Request received {"uri":"/posts","app_name":"PMVC_26"} []
[2026-02-18T13:42:14.707905+01:00] app.INFO: Request received {"uri":"/posts","app_name":"PMVC_26"} []
[2026-02-18T13:44:21.021754+01:00] app.INFO: Request received {"uri":"/posts","app_name":"PMVC_26"} []
[2026-02-18T13:44:54.698340+01:00] app.INFO: Request received {"uri":"/posts","app_name":"PMVC_26"} []
[2026-02-18T13:44:54.967344+01:00] app.INFO: Request received {"uri":"/posts","app_name":"PMVC_26"} []
[2026-02-18T13:44:55.126924+01:00] app.INFO: Request received {"uri":"/posts","app_name":"PMVC_26"} []
[2026-02-18T13:44:55.286900+01:00] app.INFO: Request received {"uri":"/posts","app_name":"PMVC_26"} []
[2026-02-18T13:44:55.423745+01:00] app.INFO: Request received {"uri":"/posts","app_name":"PMVC_26"} []
[2026-02-18T13:44:55.556102+01:00] app.INFO: Request received {"uri":"/posts","app_name":"PMVC_26"} []
[2026-02-18T13:44:55.699146+01:00] app.INFO: Request received {"uri":"/posts","app_name":"PMVC_26"} []
[2026-02-18T13:44:55.847242+01:00] app.INFO: Request received {"uri":"/posts","app_name":"PMVC_26"} []
[2026-02-18T13:44:58.968287+01:00] app.INFO: Request received {"uri":"/posts","app_name":"PMVC_26"} []
[2026-02-18T13:44:59.359020+01:00] app.INFO: Request received {"uri":"/posts","app_name":"PMVC_26"} []
[2026-02-18T13:45:02.895829+01:00] app.INFO: Request received {"uri":"/posts","app_name":"PMVC_26"} []
[2026-02-18T13:45:08.023185+01:00] app.INFO: Request received {"uri":"/posts","app_name":"PMVC_26"} []
[2026-02-18T13:45:08.286881+01:00] app.INFO: Request received {"uri":"/posts","app_name":"PMVC_26"} []
[2026-02-18T13:45:08.478926+01:00] app.INFO: Request received {"uri":"/posts","app_name":"PMVC_26"} []
[2026-02-18T13:45:08.630978+01:00] app.INFO: Request received {"uri":"/posts","app_name":"PMVC_26"} []
[2026-02-18T13:45:45.393311+01:00] app.INFO: Request received {"uri":"/posts","app_name":"PMVC_26"} []
[2026-02-18T13:45:45.807480+01:00] app.INFO: Request received {"uri":"/posts","app_name":"PMVC_26"} []
[2026-02-18T13:45:45.959505+01:00] app.INFO: Request received {"uri":"/posts","app_name":"PMVC_26"} []
[2026-02-18T13:45:46.102579+01:00] app.INFO: Request received {"uri":"/posts","app_name":"PMVC_26"} []
[2026-02-18T13:45:46.255020+01:00] app.INFO: Request received {"uri":"/posts","app_name":"PMVC_26"} []
[2026-02-18T13:46:39.493492+01:00] app.INFO: Request received {"uri":"/posts","app_name":"PMVC_26"} []
[2026-02-18T13:46:39.883597+01:00] app.INFO: Request received {"uri":"/posts","app_name":"PMVC_26"} []
[2026-02-18T13:46:47.665584+01:00] app.INFO: Request received {"uri":"/posts","app_name":"PMVC_26"} []
[2026-02-18T13:46:47.882353+01:00] app.INFO: Request received {"uri":"/posts","app_name":"PMVC_26"} []
[2026-02-18T13:46:48.038995+01:00] app.INFO: Request received {"uri":"/posts","app_name":"PMVC_26"} []
[2026-02-18T13:46:48.199613+01:00] app.INFO: Request received {"uri":"/posts","app_name":"PMVC_26"} []
[2026-02-18T13:46:48.361482+01:00] app.INFO: Request received {"uri":"/posts","app_name":"PMVC_26"} []
[2026-02-18T13:46:48.497506+01:00] app.INFO: Request received {"uri":"/posts","app_name":"PMVC_26"} []
[2026-02-18T13:46:48.632413+01:00] app.INFO: Request received {"uri":"/posts","app_name":"PMVC_26"} []
[2026-02-18T13:46:48.790945+01:00] app.INFO: Request received {"uri":"/posts","app_name":"PMVC_26"} []
[2026-02-18T13:46:48.937597+01:00] app.INFO: Request received {"uri":"/posts","app_name":"PMVC_26"} []
[2026-02-18T13:46:49.095142+01:00] app.INFO: Request received {"uri":"/posts","app_name":"PMVC_26"} []
[2026-02-18T13:46:49.229493+01:00] app.INFO: Request received {"uri":"/posts","app_name":"PMVC_26"} []
[2026-02-18T13:46:49.375153+01:00] app.INFO: Request received {"uri":"/posts","app_name":"PMVC_26"} []
[2026-02-18T13:46:49.510764+01:00] app.INFO: Request received {"uri":"/posts","app_name":"PMVC_26"} []
[2026-02-18T13:46:49.663309+01:00] app.INFO: Request received {"uri":"/posts","app_name":"PMVC_26"} []
[2026-02-18T13:46:49.803019+01:00] app.INFO: Request received {"uri":"/posts","app_name":"PMVC_26"} []
[2026-02-18T13:46:49.951410+01:00] app.INFO: Request received {"uri":"/posts","app_name":"PMVC_26"} []
[2026-02-18T13:46:50.110966+01:00] app.INFO: Request received {"uri":"/posts","app_name":"PMVC_26"} []
[2026-02-18T13:46:50.266488+01:00] app.INFO: Request received {"uri":"/posts","app_name":"PMVC_26"} []
[2026-02-18T13:46:50.409534+01:00] app.INFO: Request received {"uri":"/posts","app_name":"PMVC_26"} []
[2026-02-18T13:46:50.560638+01:00] app.INFO: Request received {"uri":"/posts","app_name":"PMVC_26"} []
[2026-02-18T13:46:52.685552+01:00] app.INFO: Request received {"uri":"/posts/1","app_name":"PMVC_26"} []
[2026-02-18T13:47:14.578876+01:00] app.INFO: Request received {"uri":"/posts/1","app_name":"PMVC_26"} []
[2026-02-18T13:47:14.952973+01:00] app.INFO: Request received {"uri":"/posts/1","app_name":"PMVC_26"} []
[2026-02-18T13:47:15.096181+01:00] app.INFO: Request received {"uri":"/posts/1","app_name":"PMVC_26"} []
[2026-02-18T13:47:15.238927+01:00] app.INFO: Request received {"uri":"/posts/1","app_name":"PMVC_26"} []
[2026-02-18T13:47:25.912308+01:00] app.INFO: Request received {"uri":"/posts/1","app_name":"PMVC_26"} []
[2026-02-18T13:47:26.112541+01:00] app.INFO: Request received {"uri":"/posts/1","app_name":"PMVC_26"} []
[2026-02-18T13:47:26.261614+01:00] app.INFO: Request received {"uri":"/posts/1","app_name":"PMVC_26"} []
[2026-02-18T13:47:26.408138+01:00] app.INFO: Request received {"uri":"/posts/1","app_name":"PMVC_26"} []
[2026-02-18T13:47:26.559723+01:00] app.INFO: Request received {"uri":"/posts/1","app_name":"PMVC_26"} []
[2026-02-18T13:47:26.712744+01:00] app.INFO: Request received {"uri":"/posts/1","app_name":"PMVC_26"} []
[2026-02-18T13:47:26.868814+01:00] app.INFO: Request received {"uri":"/posts/1","app_name":"PMVC_26"} []
[2026-02-18T13:47:27.000777+01:00] app.INFO: Request received {"uri":"/posts/1","app_name":"PMVC_26"} []
[2026-02-18T13:47:27.158949+01:00] app.INFO: Request received {"uri":"/posts/1","app_name":"PMVC_26"} []
[2026-02-18T13:47:27.315606+01:00] app.INFO: Request received {"uri":"/posts/1","app_name":"PMVC_26"} []
[2026-02-18T13:47:30.521225+01:00] app.INFO: Request received {"uri":"/posts/1","app_name":"PMVC_26"} []
[2026-02-18T13:47:30.697191+01:00] app.INFO: Request received {"uri":"/posts/1","app_name":"PMVC_26"} []
[2026-02-18T13:47:30.848078+01:00] app.INFO: Request received {"uri":"/posts/1","app_name":"PMVC_26"} []
[2026-02-18T13:47:30.999933+01:00] app.INFO: Request received {"uri":"/posts/1","app_name":"PMVC_26"} []
[2026-02-18T13:47:31.136010+01:00] app.INFO: Request received {"uri":"/posts/1","app_name":"PMVC_26"} []
[2026-02-18T13:47:31.279682+01:00] app.INFO: Request received {"uri":"/posts/1","app_name":"PMVC_26"} []
[2026-02-18T13:47:31.419508+01:00] app.INFO: Request received {"uri":"/posts/1","app_name":"PMVC_26"} []
[2026-02-18T13:47:31.554159+01:00] app.INFO: Request received {"uri":"/posts/1","app_name":"PMVC_26"} []
[2026-02-18T13:47:37.411949+01:00] app.INFO: Request received {"uri":"/posts/1","app_name":"PMVC_26"} []
[2026-02-18T13:47:37.921779+01:00] app.INFO: Request received {"uri":"/posts/1","app_name":"PMVC_26"} []
[2026-02-18T13:47:38.089579+01:00] app.INFO: Request received {"uri":"/posts/1","app_name":"PMVC_26"} []
[2026-02-18T13:47:41.601588+01:00] app.INFO: Request received {"uri":"/posts/1","app_name":"PMVC_26"} []
[2026-02-18T13:47:41.794586+01:00] app.INFO: Request received {"uri":"/posts/1","app_name":"PMVC_26"} []
[2026-02-18T13:47:41.965309+01:00] app.INFO: Request received {"uri":"/posts/1","app_name":"PMVC_26"} []
[2026-02-18T13:47:42.113318+01:00] app.INFO: Request received {"uri":"/posts/1","app_name":"PMVC_26"} []
[2026-02-18T13:47:42.270341+01:00] app.INFO: Request received {"uri":"/posts/1","app_name":"PMVC_26"} []
[2026-02-18T13:47:42.401358+01:00] app.INFO: Request received {"uri":"/posts/1","app_name":"PMVC_26"} []
[2026-02-18T13:47:42.555880+01:00] app.INFO: Request received {"uri":"/posts/1","app_name":"PMVC_26"} []
[2026-02-18T13:47:48.138798+01:00] app.INFO: Request received {"uri":"/posts/1","app_name":"PMVC_26"} []
[2026-02-18T13:47:51.632248+01:00] app.INFO: Request received {"uri":"/posts/1","app_name":"PMVC_26"} []
[2026-02-18T13:47:51.856699+01:00] app.INFO: Request received {"uri":"/posts/1","app_name":"PMVC_26"} []
[2026-02-18T13:47:52.016289+01:00] app.INFO: Request received {"uri":"/posts/1","app_name":"PMVC_26"} []
[2026-02-18T13:47:52.161847+01:00] app.INFO: Request received {"uri":"/posts/1","app_name":"PMVC_26"} []
[2026-02-18T13:47:58.569856+01:00] app.INFO: Request received {"uri":"/posts/1","app_name":"PMVC_26"} []
[2026-02-18T13:47:58.779613+01:00] app.INFO: Request received {"uri":"/posts/1","app_name":"PMVC_26"} []
[2026-02-18T13:47:58.947980+01:00] app.INFO: Request received {"uri":"/posts/1","app_name":"PMVC_26"} []
[2026-02-18T13:47:59.105284+01:00] app.INFO: Request received {"uri":"/posts/1","app_name":"PMVC_26"} []
[2026-02-18T13:47:59.264481+01:00] app.INFO: Request received {"uri":"/posts/1","app_name":"PMVC_26"} []
[2026-02-18T13:47:59.406495+01:00] app.INFO: Request received {"uri":"/posts/1","app_name":"PMVC_26"} []
[2026-02-18T13:47:59.556523+01:00] app.INFO: Request received {"uri":"/posts/1","app_name":"PMVC_26"} []
[2026-02-18T13:48:08.754005+01:00] app.INFO: Request received {"uri":"/posts/1","app_name":"PMVC_26"} []
[2026-02-18T13:48:08.978138+01:00] app.INFO: Request received {"uri":"/posts/1","app_name":"PMVC_26"} []
[2026-02-18T13:48:09.136513+01:00] app.INFO: Request received {"uri":"/posts/1","app_name":"PMVC_26"} []
[2026-02-18T13:48:09.288189+01:00] app.INFO: Request received {"uri":"/posts/1","app_name":"PMVC_26"} []
[2026-02-18T13:48:09.434565+01:00] app.INFO: Request received {"uri":"/posts/1","app_name":"PMVC_26"} []
[2026-02-18T13:48:09.560693+01:00] app.INFO: Request received {"uri":"/posts/1","app_name":"PMVC_26"} []
[2026-02-18T13:48:09.714616+01:00] app.INFO: Request received {"uri":"/posts/1","app_name":"PMVC_26"} []
[2026-02-18T13:48:09.856548+01:00] app.INFO: Request received {"uri":"/posts/1","app_name":"PMVC_26"} []
[2026-02-18T13:48:20.780204+01:00] app.INFO: Request received {"uri":"/posts/1","app_name":"PMVC_26"} []
[2026-02-18T13:49:15.811081+01:00] app.INFO: Request received {"uri":"/posts/1","app_name":"PMVC_26"} []
[2026-02-18T13:49:27.273352+01:00] app.INFO: Request received {"uri":"/posts/1","app_name":"PMVC_26"} []
[2026-02-18T13:49:27.751741+01:00] app.INFO: Request received {"uri":"/posts/1","app_name":"PMVC_26"} []
[2026-02-18T13:49:27.920907+01:00] app.INFO: Request received {"uri":"/posts/1","app_name":"PMVC_26"} []
[2026-02-18T13:49:28.044955+01:00] app.INFO: Request received {"uri":"/posts/1","app_name":"PMVC_26"} []
[2026-02-18T13:49:28.211140+01:00] app.INFO: Request received {"uri":"/posts/1","app_name":"PMVC_26"} []
[2026-02-18T13:49:28.366467+01:00] app.INFO: Request received {"uri":"/posts/1","app_name":"PMVC_26"} []
[2026-02-18T13:49:28.515528+01:00] app.INFO: Request received {"uri":"/posts/1","app_name":"PMVC_26"} []
[2026-02-18T13:49:28.637222+01:00] app.INFO: Request received {"uri":"/posts/1","app_name":"PMVC_26"} []
[2026-02-18T13:49:28.797534+01:00] app.INFO: Request received {"uri":"/posts/1","app_name":"PMVC_26"} []
[2026-02-18T13:49:30.867074+01:00] app.INFO: Request received {"uri":"/posts/1","app_name":"PMVC_26"} []
[2026-02-18T13:49:31.048069+01:00] app.INFO: Request received {"uri":"/posts/1","app_name":"PMVC_26"} []
[2026-02-18T13:49:31.203169+01:00] app.INFO: Request received {"uri":"/posts/1","app_name":"PMVC_26"} []
[2026-02-18T13:49:31.366247+01:00] app.INFO: Request received {"uri":"/posts/1","app_name":"PMVC_26"} []
[2026-02-18T13:49:42.706856+01:00] app.INFO: Request received {"uri":"/posts/1","app_name":"PMVC_26"} []
[2026-02-18T13:49:43.393871+01:00] app.INFO: Request received {"uri":"/posts/1","app_name":"PMVC_26"} []
[2026-02-18T13:49:43.561433+01:00] app.INFO: Request received {"uri":"/posts/1","app_name":"PMVC_26"} []
[2026-02-18T13:49:43.746369+01:00] app.INFO: Request received {"uri":"/posts/1","app_name":"PMVC_26"} []
[2026-02-18T13:49:47.314190+01:00] app.INFO: Request received {"uri":"/posts/1","app_name":"PMVC_26"} []
[2026-02-18T13:49:47.516591+01:00] app.INFO: Request received {"uri":"/posts/1","app_name":"PMVC_26"} []
[2026-02-18T13:49:47.669075+01:00] app.INFO: Request received {"uri":"/posts/1","app_name":"PMVC_26"} []
[2026-02-18T13:49:47.818467+01:00] app.INFO: Request received {"uri":"/posts/1","app_name":"PMVC_26"} []
[2026-02-18T13:49:47.968539+01:00] app.INFO: Request received {"uri":"/posts/1","app_name":"PMVC_26"} []
[2026-02-18T13:49:48.100948+01:00] app.INFO: Request received {"uri":"/posts/1","app_name":"PMVC_26"} []
[2026-02-18T13:50:14.115423+01:00] app.INFO: Request received {"uri":"/posts/1","app_name":"PMVC_26"} []
[2026-02-18T13:50:14.485510+01:00] app.INFO: Request received {"uri":"/posts/1","app_name":"PMVC_26"} []
[2026-02-18T13:50:14.642234+01:00] app.INFO: Request received {"uri":"/posts/1","app_name":"PMVC_26"} []
[2026-02-18T13:50:14.802292+01:00] app.INFO: Request received {"uri":"/posts/1","app_name":"PMVC_26"} []
[2026-02-18T13:50:14.949346+01:00] app.INFO: Request received {"uri":"/posts/1","app_name":"PMVC_26"} []
[2026-02-18T13:50:15.098859+01:00] app.INFO: Request received {"uri":"/posts/1","app_name":"PMVC_26"} []
[2026-02-18T13:50:15.235749+01:00] app.INFO: Request received {"uri":"/posts/1","app_name":"PMVC_26"} []
[2026-02-18T13:50:15.373026+01:00] app.INFO: Request received {"uri":"/posts/1","app_name":"PMVC_26"} []
[2026-02-18T13:50:15.526331+01:00] app.INFO: Request received {"uri":"/posts/1","app_name":"PMVC_26"} []
[2026-02-18T13:50:15.657963+01:00] app.INFO: Request received {"uri":"/posts/1","app_name":"PMVC_26"} []
[2026-02-18T13:50:15.802020+01:00] app.INFO: Request received {"uri":"/posts/1","app_name":"PMVC_26"} []
[2026-02-18T13:50:15.947514+01:00] app.INFO: Request received {"uri":"/posts/1","app_name":"PMVC_26"} []
[2026-02-18T13:50:16.095014+01:00] app.INFO: Request received {"uri":"/posts/1","app_name":"PMVC_26"} []
[2026-02-18T13:50:46.285637+01:00] app.INFO: Request received {"uri":"/posts/1","app_name":"PMVC_26"} []
[2026-02-18T13:50:46.852803+01:00] app.INFO: Request received {"uri":"/posts/1","app_name":"PMVC_26"} []
[2026-02-18T13:50:47.009899+01:00] app.INFO: Request received {"uri":"/posts/1","app_name":"PMVC_26"} []
[2026-02-18T13:50:52.995001+01:00] app.INFO: Request received {"uri":"/posts/2","app_name":"PMVC_26"} []
[2026-02-18T13:51:23.886200+01:00] app.INFO: Request received {"uri":"/posts/2","app_name":"PMVC_26"} []
